生成启动时间为 2011/11/27 15:28:02。
     1>项目“d:\documents\visual studio 2010\Projects\jpg\jpg\jpg.vcxproj”在节点 2 上(build 个目标)。
     1>InitializeBuildStatus:
         正在创建“Debug\jpg.unsuccessfulbuild”，因为已指定“AlwaysCreate”。
       ClCompile:
         所有输出均为最新。
       ManifestResourceCompile:
         C:\Program Files\Microsoft SDKs\Windows\v7.0A\bin\rc.exe /nologo /fo"Debug\jpg.exe.embed.manifest.res" Debug\jpg_manifest.rc 
       Link:
         F:\Visual Studio2010\VC\bin\link.exe /ERRORREPORT:PROMPT /OUT:"d:\documents\visual studio 2010\Projects\jpg\Debug\jpg.exe" /INCREMENTAL /NOLOGO kernel32.lib user32.lib gdi32.lib winspool.lib comdlg32.lib advapi32.lib shell32.lib ole32.lib oleaut32.lib uuid.lib odbc32.lib odbccp32.lib /MANIFEST /ManifestFile:"Debug\jpg.exe.intermediate.manifest" /MANIFESTUAC:"level='asInvoker' uiAccess='false'" /DEBUG /PDB:"d:\documents\visual studio 2010\Projects\jpg\Debug\jpg.pdb" /SUBSYSTEM:CONSOLE /TLBID:1 /DYNAMICBASE /NXCOMPAT /IMPLIB:"d:\documents\visual studio 2010\Projects\jpg\Debug\jpg.lib" /MACHINE:X86 Debug\jpg.exe.embed.manifest.res
         Debug\jpeg2bmp.obj
       Manifest:
         C:\Program Files\Microsoft SDKs\Windows\v7.0A\bin\mt.exe /nologo /verbose /out:"Debug\jpg.exe.embed.manifest" /manifest Debug\jpg.exe.intermediate.manifest
         C:\Program Files\Microsoft SDKs\Windows\v7.0A\bin\rc.exe /nologo /fo"Debug\jpg.exe.embed.manifest.res" Debug\jpg_manifest.rc 
       LinkEmbedManifest:
         F:\Visual Studio2010\VC\bin\link.exe /ERRORREPORT:PROMPT /OUT:"d:\documents\visual studio 2010\Projects\jpg\Debug\jpg.exe" /INCREMENTAL /NOLOGO kernel32.lib user32.lib gdi32.lib winspool.lib comdlg32.lib advapi32.lib shell32.lib ole32.lib oleaut32.lib uuid.lib odbc32.lib odbccp32.lib /MANIFEST /ManifestFile:"Debug\jpg.exe.intermediate.manifest" /MANIFESTUAC:"level='asInvoker' uiAccess='false'" /DEBUG /PDB:"d:\documents\visual studio 2010\Projects\jpg\Debug\jpg.pdb" /SUBSYSTEM:CONSOLE /TLBID:1 /DYNAMICBASE /NXCOMPAT /IMPLIB:"d:\documents\visual studio 2010\Projects\jpg\Debug\jpg.lib" /MACHINE:X86 Debug\jpg.exe.embed.manifest.res
         Debug\jpeg2bmp.obj
         jpg.vcxproj -> d:\documents\visual studio 2010\Projects\jpg\Debug\jpg.exe
       FinalizeBuildStatus:
         正在删除文件“Debug\jpg.unsuccessfulbuild”。
         正在对“Debug\jpg.lastbuildstate”执行 Touch 任务。
     1>已完成生成项目“d:\documents\visual studio 2010\Projects\jpg\jpg\jpg.vcxproj”(build 个目标)的操作。

生成成功。

已用时间 00:00:00.66
